{"numTotalTestSuites":1,"numPassedTestSuites":0,"numFailedTestSuites":1,"numPendingTestSuites":0,"numTotalTests":0,"numPassedTests":0,"numFailedTests":0,"numPendingTests":0,"numTodoTests":0,"startTime":1771655624716,"success":false,"testResults":[{"assertionResults":[],"startTime":1771655624716,"endTime":1771655624716,"status":"failed","message":"No test suite found in file C:/Users/pc/mktgogo/src/types/vendor-store.types.data-model-structure.property.test.ts","name":"C:/Users/pc/mktgogo/src/types/vendor-store.types.data-model-structure.property.test.ts"}]}